app/app/build/intermediates/manifest_merge_blame_file/debug/manifest-merger-blame-debug-report.txt
1<?xml version="1.0" encoding="utf-8"?>
2<manifest xmlns:android="http://schemas.android.com/apk/res/android"
3    package="com.example.testpbl4"
4    android:versionCode="1"
5    android:versionName="1.0" >
6
7    <uses-sdk
8        android:minSdkVersion="21"
8-->src\main\AndroidManifest.xml
9        android:targetSdkVersion="32" />
9-->src\main\AndroidManifest.xml
10
11    <application
11-->src\main\AndroidManifest.xml:6:5-49:19
12        android:allowBackup="true"
12-->src\main\AndroidManifest.xml:7:9-35
13        android:appComponentFactory="androidx.core.app.CoreComponentFactory"
13-->[androidx.core:core:1.8.0] AndroidManifest.xml:24:18-86
14        android:dataExtractionRules="@xml/data_extraction_rules"
14-->src\main\AndroidManifest.xml:8:9-65
15        android:debuggable="true"
16        android:fullBackupContent="@xml/backup_rules"
16-->src\main\AndroidManifest.xml:9:9-54
17        android:icon="@mipmap/ic_launcher"
17-->src\main\AndroidManifest.xml:10:9-43
18        android:label="PBL4"
18-->src\main\AndroidManifest.xml:11:9-29
19        android:largeHeap="true"
19-->src\main\AndroidManifest.xml:12:9-33
20        android:roundIcon="@mipmap/ic_launcher_round"
20-->src\main\AndroidManifest.xml:13:9-54
21        android:supportsRtl="true"
21-->src\main\AndroidManifest.xml:14:9-35
22        android:testOnly="true"
23        android:theme="@style/Theme.TestPBL4" >
23-->src\main\AndroidManifest.xml:15:9-46
24        <activity
24-->src\main\AndroidManifest.xml:17:9-25:20
25            android:name="com.example.testpbl4.HomeActivity"
25-->src\main\AndroidManifest.xml:18:13-41
26            android:exported="true" >
26-->src\main\AndroidManifest.xml:19:13-36
27            <intent-filter>
27-->src\main\AndroidManifest.xml:20:13-24:29
28                <action android:name="android.intent.action.MAIN" />
28-->src\main\AndroidManifest.xml:21:17-69
28-->src\main\AndroidManifest.xml:21:25-66
29
30                <category android:name="android.intent.category.LAUNCHER" />
30-->src\main\AndroidManifest.xml:23:17-77
30-->src\main\AndroidManifest.xml:23:27-74
31            </intent-filter>
32        </activity>
33        <activity
33-->src\main\AndroidManifest.xml:26:9-29:20
34            android:name="com.example.testpbl4.ListExamActivity"
34-->src\main\AndroidManifest.xml:27:13-45
35            android:exported="true" >
35-->src\main\AndroidManifest.xml:28:13-36
36        </activity>
37        <activity
37-->src\main\AndroidManifest.xml:30:9-32:40
38            android:name="com.example.testpbl4.SubjectCategoryActivity"
38-->src\main\AndroidManifest.xml:31:13-52
39            android:exported="false" />
39-->src\main\AndroidManifest.xml:32:13-37
40        <activity
40-->src\main\AndroidManifest.xml:33:9-35:40
41            android:name="com.example.testpbl4.ChangePasswordActivity"
41-->src\main\AndroidManifest.xml:34:13-51
42            android:exported="false" />
42-->src\main\AndroidManifest.xml:35:13-37
43        <activity
43-->src\main\AndroidManifest.xml:36:9-38:40
44            android:name="com.example.testpbl4.ForgotPasswordActivity"
44-->src\main\AndroidManifest.xml:37:13-51
45            android:exported="false" />
45-->src\main\AndroidManifest.xml:38:13-37
46        <activity
46-->src\main\AndroidManifest.xml:39:9-42:20
47            android:name="com.example.testpbl4.testActivity"
47-->src\main\AndroidManifest.xml:40:13-41
48            android:exported="false" >
48-->src\main\AndroidManifest.xml:41:13-37
49        </activity>
50        <activity
50-->src\main\AndroidManifest.xml:43:9-45:40
51            android:name="com.example.testpbl4.RegisterActivity"
51-->src\main\AndroidManifest.xml:44:13-45
52            android:exported="false" />
52-->src\main\AndroidManifest.xml:45:13-37
53        <activity
53-->src\main\AndroidManifest.xml:46:9-48:40
54            android:name="com.example.testpbl4.LoginActivity"
54-->src\main\AndroidManifest.xml:47:13-42
55            android:exported="false" />
55-->src\main\AndroidManifest.xml:48:13-37
56
57        <provider
57-->[androidx.emoji2:emoji2:1.2.0] AndroidManifest.xml:24:9-32:20
58            android:name="androidx.startup.InitializationProvider"
58-->[androidx.emoji2:emoji2:1.2.0] AndroidManifest.xml:25:13-67
59            android:authorities="com.example.testpbl4.androidx-startup"
59-->[androidx.emoji2:emoji2:1.2.0] AndroidManifest.xml:26:13-68
60            android:exported="false" >
60-->[androidx.emoji2:emoji2:1.2.0] AndroidManifest.xml:27:13-37
61            <meta-data
61-->[androidx.emoji2:emoji2:1.2.0] AndroidManifest.xml:29:13-31:52
62                android:name="androidx.emoji2.text.EmojiCompatInitializer"
62-->[androidx.emoji2:emoji2:1.2.0] AndroidManifest.xml:30:17-75
63                android:value="androidx.startup" />
63-->[androidx.emoji2:emoji2:1.2.0] AndroidManifest.xml:31:17-49
64            <meta-data
64-->[androidx.lifecycle:lifecycle-process:2.4.1] AndroidManifest.xml:31:13-33:52
65                android:name="androidx.lifecycle.ProcessLifecycleInitializer"
65-->[androidx.lifecycle:lifecycle-process:2.4.1] AndroidManifest.xml:32:17-78
66                android:value="androidx.startup" />
66-->[androidx.lifecycle:lifecycle-process:2.4.1] AndroidManifest.xml:33:17-49
67        </provider>
68    </application>
69
70</manifest>